Watching for file changes with StatReloader
Watching for file changes with StatReloader
"GET /admin_dashboard/ HTTP/1.1" 302 0
"GET /capitalx_admin/login/?next=/admin_dashboard/ HTTP/1.1" 200 4206
C:\Users\money\HustleProjects\BevanTheDev\capital x update\core\urls.py changed, reloading.
Watching for file changes with StatReloader
C:\Users\money\HustleProjects\BevanTheDev\capital x update\core\middleware.py changed, reloading.
Watching for file changes with StatReloader
C:\Users\money\HustleProjects\BevanTheDev\capital x update\core\views.py changed, reloading.
Watching for file changes with StatReloader
Watching for file changes with StatReloader
C:\Users\money\HustleProjects\BevanTheDev\capital x update\core\middleware.py changed, reloading.
C:\Users\money\HustleProjects\BevanTheDev\capital x update\core\views.py changed, reloading.
Watching for file changes with StatReloader
Watching for file changes with StatReloader
C:\Users\money\HustleProjects\BevanTheDev\capital x update\core\views.py changed, reloading.
C:\Users\money\HustleProjects\BevanTheDev\capital x update\core\views.py changed, reloading.
Watching for file changes with StatReloader
Watching for file changes with StatReloader
Watching for file changes with StatReloader
C:\Users\money\HustleProjects\BevanTheDev\capital x update\core\views.py changed, reloading.
C:\Users\money\HustleProjects\BevanTheDev\capital x update\core\views.py changed, reloading.
C:\Users\money\HustleProjects\BevanTheDev\capital x update\core\views.py changed, reloading.
Watching for file changes with StatReloader
Watching for file changes with StatReloader
Watching for file changes with StatReloader
C:\Users\money\HustleProjects\BevanTheDev\capital x update\core\views.py changed, reloading.
C:\Users\money\HustleProjects\BevanTheDev\capital x update\core\views.py changed, reloading.
C:\Users\money\HustleProjects\BevanTheDev\capital x update\core\views.py changed, reloading.
Watching for file changes with StatReloader
Watching for file changes with StatReloader
Watching for file changes with StatReloader
C:\Users\money\HustleProjects\BevanTheDev\capital x update\core\urls.py changed, reloading.
C:\Users\money\HustleProjects\BevanTheDev\capital x update\core\urls.py changed, reloading.
C:\Users\money\HustleProjects\BevanTheDev\capital x update\core\urls.py changed, reloading.
Watching for file changes with StatReloader
Watching for file changes with StatReloader
Watching for file changes with StatReloader
Watching for file changes with StatReloader
C:\Users\money\HustleProjects\BevanTheDev\capital x update\core\views.py changed, reloading.
C:\Users\money\HustleProjects\BevanTheDev\capital x update\core\views.py changed, reloading.
C:\Users\money\HustleProjects\BevanTheDev\capital x update\core\views.py changed, reloading.
C:\Users\money\HustleProjects\BevanTheDev\capital x update\core\views.py changed, reloading.
Watching for file changes with StatReloader
Watching for file changes with StatReloader
Watching for file changes with StatReloader
Watching for file changes with StatReloader
C:\Users\money\HustleProjects\BevanTheDev\capital x update\core\views.py changed, reloading.
C:\Users\money\HustleProjects\BevanTheDev\capital x update\core\views.py changed, reloading.
C:\Users\money\HustleProjects\BevanTheDev\capital x update\core\views.py changed, reloading.
C:\Users\money\HustleProjects\BevanTheDev\capital x update\core\views.py changed, reloading.
Watching for file changes with StatReloader
Watching for file changes with StatReloader
Watching for file changes with StatReloader
Watching for file changes with StatReloader
C:\Users\money\HustleProjects\BevanTheDev\capital x update\core\views.py changed, reloading.
C:\Users\money\HustleProjects\BevanTheDev\capital x update\core\views.py changed, reloading.
C:\Users\money\HustleProjects\BevanTheDev\capital x update\core\views.py changed, reloading.
C:\Users\money\HustleProjects\BevanTheDev\capital x update\core\views.py changed, reloading.
Watching for file changes with StatReloader
Watching for file changes with StatReloader
Watching for file changes with StatReloader
Watching for file changes with StatReloader
Watching for file changes with StatReloader
C:\Users\money\HustleProjects\BevanTheDev\capital x update\core\views.py changed, reloading.
C:\Users\money\HustleProjects\BevanTheDev\capital x update\core\views.py changed, reloading.
C:\Users\money\HustleProjects\BevanTheDev\capital x update\core\views.py changed, reloading.
C:\Users\money\HustleProjects\BevanTheDev\capital x update\core\urls.py changed, reloading.
C:\Users\money\HustleProjects\BevanTheDev\capital x update\core\views.py changed, reloading.
Watching for file changes with StatReloader
Watching for file changes with StatReloader
Watching for file changes with StatReloader
Watching for file changes with StatReloader
Watching for file changes with StatReloader
